mode: set
github.com/fbac/calc-o-matic/pkg/parser/parser.go:17.55,22.29 2 1
github.com/fbac/calc-o-matic/pkg/parser/parser.go:27.2,27.28 1 1
github.com/fbac/calc-o-matic/pkg/parser/parser.go:33.2,38.25 4 1
github.com/fbac/calc-o-matic/pkg/parser/parser.go:57.2,57.24 1 1
github.com/fbac/calc-o-matic/pkg/parser/parser.go:22.29,24.3 1 1
github.com/fbac/calc-o-matic/pkg/parser/parser.go:27.28,29.3 1 1
github.com/fbac/calc-o-matic/pkg/parser/parser.go:38.25,45.23 4 1
github.com/fbac/calc-o-matic/pkg/parser/parser.go:54.3,54.44 1 1
github.com/fbac/calc-o-matic/pkg/parser/parser.go:45.23,49.4 3 1
github.com/fbac/calc-o-matic/pkg/parser/parser.go:49.9,49.29 1 1
github.com/fbac/calc-o-matic/pkg/parser/parser.go:49.29,51.4 1 1
github.com/fbac/calc-o-matic/pkg/parser/parser.go:63.61,64.26 1 1
github.com/fbac/calc-o-matic/pkg/parser/parser.go:68.2,74.26 4 1
github.com/fbac/calc-o-matic/pkg/parser/parser.go:116.2,116.38 1 1
github.com/fbac/calc-o-matic/pkg/parser/parser.go:64.26,66.3 1 1
github.com/fbac/calc-o-matic/pkg/parser/parser.go:74.26,77.17 2 1
github.com/fbac/calc-o-matic/pkg/parser/parser.go:80.3,86.22 4 1
github.com/fbac/calc-o-matic/pkg/parser/parser.go:77.17,79.4 1 0
github.com/fbac/calc-o-matic/pkg/parser/parser.go:87.22,88.42 1 1
github.com/fbac/calc-o-matic/pkg/parser/parser.go:89.22,91.90 1 1
github.com/fbac/calc-o-matic/pkg/parser/parser.go:91.90,93.5 1 1
github.com/fbac/calc-o-matic/pkg/parser/parser.go:93.10,93.33 1 1
github.com/fbac/calc-o-matic/pkg/parser/parser.go:93.33,97.49 2 0
github.com/fbac/calc-o-matic/pkg/parser/parser.go:97.49,100.6 2 0
github.com/fbac/calc-o-matic/pkg/parser/parser.go:101.10,106.49 1 1
github.com/fbac/calc-o-matic/pkg/parser/parser.go:111.5,111.43 1 1
github.com/fbac/calc-o-matic/pkg/parser/parser.go:106.49,110.6 3 1
github.com/fbac/calc-o-matic/pkg/parser/parser.go:122.27,124.2 1 1
github.com/fbac/calc-o-matic/pkg/parser/parser.go:127.26,129.2 1 1
github.com/fbac/calc-o-matic/pkg/parser/parser.go:132.32,134.2 1 1
github.com/fbac/calc-o-matic/pkg/parser/parser.go:139.35,141.2 1 1
github.com/fbac/calc-o-matic/pkg/parser/parser.go:144.34,146.2 1 1
github.com/fbac/calc-o-matic/pkg/parser/parser.go:155.55,157.2 1 1
github.com/fbac/calc-o-matic/pkg/parser/parser.go:161.32,162.24 1 1
github.com/fbac/calc-o-matic/pkg/parser/parser.go:165.2,165.10 1 1
github.com/fbac/calc-o-matic/pkg/parser/parser.go:162.24,164.3 1 1
github.com/fbac/calc-o-matic/pkg/eval/eval.go:11.44,18.26 4 1
github.com/fbac/calc-o-matic/pkg/eval/eval.go:40.2,40.32 1 1
github.com/fbac/calc-o-matic/pkg/eval/eval.go:18.26,23.22 2 1
github.com/fbac/calc-o-matic/pkg/eval/eval.go:25.22,28.41 2 1
github.com/fbac/calc-o-matic/pkg/eval/eval.go:29.22,35.58 3 1
github.com/fbac/calc-o-matic/pkg/eval/functions.go:14.42,17.2 2 1
github.com/fbac/calc-o-matic/pkg/eval/functions.go:20.34,29.2 2 1
github.com/fbac/calc-o-matic/pkg/eval/functions.go:33.24,35.2 1 1
github.com/fbac/calc-o-matic/pkg/eval/functions.go:37.24,39.2 1 1
github.com/fbac/calc-o-matic/pkg/eval/functions.go:41.24,43.2 1 1
github.com/fbac/calc-o-matic/pkg/eval/functions.go:45.24,47.2 1 1
github.com/fbac/calc-o-matic/pkg/eval/functions.go:49.24,51.2 1 1
github.com/fbac/calc-o-matic/pkg/stack/token.go:14.23,16.2 1 1
github.com/fbac/calc-o-matic/pkg/stack/token.go:19.31,21.2 1 1
github.com/fbac/calc-o-matic/pkg/stack/token.go:24.54,27.17 2 1
github.com/fbac/calc-o-matic/pkg/stack/token.go:33.2,33.46 1 1
github.com/fbac/calc-o-matic/pkg/stack/token.go:27.17,31.3 3 1
github.com/fbac/calc-o-matic/pkg/stack/token.go:37.52,40.17 2 1
github.com/fbac/calc-o-matic/pkg/stack/token.go:46.2,46.46 1 1
github.com/fbac/calc-o-matic/pkg/stack/token.go:40.17,44.3 3 1
github.com/fbac/calc-o-matic/pkg/stack/token.go:50.47,52.16 2 1
github.com/fbac/calc-o-matic/pkg/stack/token.go:55.2,55.27 1 1
github.com/fbac/calc-o-matic/pkg/stack/token.go:52.16,54.3 1 0
github.com/fbac/calc-o-matic/pkg/stack/token.go:59.44,61.17 2 1
github.com/fbac/calc-o-matic/pkg/stack/token.go:70.2,70.20 1 1
github.com/fbac/calc-o-matic/pkg/stack/token.go:61.17,63.17 2 1
github.com/fbac/calc-o-matic/pkg/stack/token.go:67.3,68.40 2 1
github.com/fbac/calc-o-matic/pkg/stack/token.go:63.17,65.4 1 0
github.com/fbac/calc-o-matic/pkg/stack/token.go:74.36,75.16 1 1
github.com/fbac/calc-o-matic/pkg/stack/token.go:75.16,77.3 1 1
github.com/fbac/calc-o-matic/pkg/stack/token.go:77.8,79.3 1 0
github.com/fbac/calc-o-matic/pkg/stack/token.go:83.37,84.11 1 1
github.com/fbac/calc-o-matic/pkg/stack/token.go:85.11,86.11 1 1
github.com/fbac/calc-o-matic/pkg/stack/token.go:87.11,88.11 1 1
github.com/fbac/calc-o-matic/pkg/stack/token.go:89.11,90.11 1 1
github.com/fbac/calc-o-matic/pkg/stack/token.go:91.11,92.11 1 1
github.com/fbac/calc-o-matic/pkg/stack/token.go:93.11,94.11 1 1
github.com/fbac/calc-o-matic/pkg/stack/token.go:95.11,96.11 1 1
github.com/fbac/calc-o-matic/pkg/stack/token.go:97.10,98.11 1 1
github.com/fbac/calc-o-matic/pkg/stack/token.go:103.52,105.2 1 1
github.com/fbac/calc-o-matic/pkg/stack/int.go:7.29,9.2 1 1
github.com/fbac/calc-o-matic/pkg/stack/int.go:12.34,14.2 1 1
github.com/fbac/calc-o-matic/pkg/stack/int.go:17.41,19.17 2 1
github.com/fbac/calc-o-matic/pkg/stack/int.go:23.2,23.13 1 1
github.com/fbac/calc-o-matic/pkg/stack/int.go:19.17,22.3 2 1
github.com/fbac/calc-o-matic/pkg/stack/int.go:27.38,29.17 2 1
github.com/fbac/calc-o-matic/pkg/stack/int.go:32.2,32.10 1 1
github.com/fbac/calc-o-matic/pkg/stack/int.go:29.17,31.3 1 1
github.com/fbac/calc-o-matic/pkg/stack/runes.go:10.39,12.2 1 1
github.com/fbac/calc-o-matic/pkg/stack/runes.go:16.57,18.28 2 1
github.com/fbac/calc-o-matic/pkg/stack/runes.go:23.2,23.13 1 1
github.com/fbac/calc-o-matic/pkg/stack/runes.go:18.28,22.3 3 1
github.com/fbac/calc-o-matic/pkg/stack/runes.go:27.43,29.2 1 1
